Flutter crash report.
Please report a bug at https://github.com/flutter/flutter/issues.

## command

flutter run --machine --start-paused -d 00008020-000315882203002E --devtools-server-address http://127.0.0.1:9100/ --target /Users/palp1ix/Projects/Medvisual/medvisual-client/lib/main.dart

## exception

SocketException: SocketException: Send failed (OS Error: No route to host, errno = 65), address = 0.0.0.0, port = 5353

```
#0      _NativeSocket.send (dart:io-patch/socket_patch.dart:1275:34)
#1      _RawDatagramSocket.send (dart:io-patch/socket_patch.dart:2590:15)
#2      MDnsClient.lookup (package:multicast_dns/multicast_dns.dart:219:22)
#3      MDnsVmServiceDiscovery._pollingVmService (package:flutter_tools/src/mdns_discovery.dart:232:66)
<asynchronous suspension>
#4      MDnsVmServiceDiscovery.firstMatchingVmService (package:flutter_tools/src/mdns_discovery.dart:188:56)
<asynchronous suspension>
#5      MDnsVmServiceDiscovery.getVMServiceUriForLaunch (package:flutter_tools/src/mdns_discovery.dart:433:50)
<asynchronous suspension>
#6      Future.any.onValue (dart:async/future.dart:628:5)
<asynchronous suspension>
```

## flutter doctor

```
[!] Flutter (Channel stable, 3.24.3, on macOS 15.0.1 24A348 darwin-arm64, locale ru-BY)
    • Flutter version 3.24.3 on channel stable at /Users/palp1ix/flutter
    ! The flutter binary is not on your path. Consider adding /Users/palp1ix/flutter/bin to your path.
    ! Warning: `dart` on your path resolves to /opt/homebrew/Cellar/dart-sdk/3.5.3/libexec/bin/dart, which is not inside your current Flutter SDK checkout at /Users/palp1ix/flutter. Consider adding /Users/palp1ix/flutter/bin to the front of your path.
    • Upstream repository https://github.com/flutter/flutter.git
    • Framework revision 2663184aa7 (6 weeks ago), 2024-09-11 16:27:48 -0500
    • Engine revision 36335019a8
    • Dart version 3.5.3
    • DevTools version 2.37.3
    • If those were intentional, you can disregard the above warnings; however it is recommended to use "git" directly to perform update checks and upgrades.

[✗] Android toolchain - develop for Android devices
    ✗ Unable to locate Android SDK.
      Install Android Studio from: https://developer.android.com/studio/index.html
      On first launch it will assist you in installing the Android SDK components.
      (or visit https://flutter.dev/to/macos-android-setup for detailed instructions).
      If the Android SDK has been installed to a custom location, please use
      `flutter config --android-sdk` to update to that location.


[✓] Xcode - develop for iOS and macOS (Xcode 16.0)
    • Xcode at /Applications/Xcode.app/Contents/Developer
    • Build 16A242d
    • CocoaPods version 1.15.2

[✓] Chrome - develop for the web
    • Chrome at /Applications/Google Chrome.app/Contents/MacOS/Google Chrome

[!] Android Studio (not installed)
    • Android Studio not found; download from https://developer.android.com/studio/index.html
      (or visit https://flutter.dev/to/macos-android-setup for detailed instructions).

[✓] VS Code (version 1.94.2)
    • VS Code at /Applications/Visual Studio Code.app/Contents
    • Flutter extension version 3.98.0

[✓] Connected device (5 available)
    • iPhone 😈 (mobile)              • 00008020-000315882203002E            • ios            • iOS 18.0 22A3354
    • iPhone 16 (mobile)              • 9E9DD60C-3B42-4ACB-B0C4-8CB4638F5F38 • ios            • com.apple.CoreSimulator.SimRuntime.iOS-18-0 (simulator)
    • macOS (desktop)                 • macos                                • darwin-arm64   • macOS 15.0.1 24A348 darwin-arm64
    • Mac Designed for iPad (desktop) • mac-designed-for-ipad                • darwin         • macOS 15.0.1 24A348 darwin-arm64
    • Chrome (web)                    • chrome                               • web-javascript • Google Chrome 130.0.6723.70

[✓] Network resources
    • All expected network resources are available.

! Doctor found issues in 3 categories.
```
